<?xml version="1.0" encoding="UTF-8"?>
<!-- Generated by org.testng.reporters.JUnitReportReporter -->
<testsuite hostname="DESKTOP-P56EDK0" failures="0" tests="1" name="testcases.tradingView" time="12.826" errors="0" timestamp="27 Jul 2023 14:14:44 GMT" skipped="0">
  <testcase classname="testcases.tradingView" name="screens" time="12.826"/>
</testsuite> <!-- testcases.tradingView -->
