<?xml version="1.0" encoding="UTF-8"?>
<!-- Generated by org.testng.reporters.JUnitReportReporter -->
<testsuite hostname="DESKTOP-P56EDK0" failures="0" tests="1" name="testcases.tradingView" time="11.442" errors="0" timestamp="07 Aug 2023 08:57:17 GMT" skipped="0">
  <testcase classname="testcases.tradingView" name="screens" time="11.442"/>
</testsuite> <!-- testcases.tradingView -->
